<?xml version="1.0" encoding="UTF-8"?>
<robot generator="Robot 6.1.1 (Python 3.10.12 on linux)" generated="20241118 23:21:20.345" rpa="false" schemaversion="4">
<suite id="s1" name="Tests" source="/home/matimo/opinnot/ohtu/palautusrepositorio/viikko3/web-login/src/tests">
<suite id="s1-s1" name="Home" source="/home/matimo/opinnot/ohtu/palautusrepositorio/viikko3/web-login/src/tests/home.robot">
<kw name="Open And Configure Browser" library="resource" type="SETUP">
<if>
<branch type="IF" condition="$BROWSER == 'chrome'">
<kw name="Evaluate" library="BuiltIn">
<var>${options}</var>
<arg>sys.modules['selenium.webdriver'].ChromeOptions()</arg>
<arg>sys</arg>
<doc>Evaluates the given expression in Python and returns the result.</doc>
<msg timestamp="20241118 23:21:20.506" level="INFO">${options} = &lt;selenium.webdriver.chrome.options.Options object at 0x7a68197d3730&gt;</msg>
<status status="PASS" starttime="20241118 23:21:20.506" endtime="20241118 23:21:20.506"/>
</kw>
<status status="PASS" starttime="20241118 23:21:20.495" endtime="20241118 23:21:20.506"/>
</branch>
<branch type="ELSE IF" condition="$BROWSER == 'firefox'">
<kw name="Evaluate" library="BuiltIn">
<var>${options}</var>
<arg>sys.modules['selenium.webdriver'].FirefoxOptions()</arg>
<arg>sys</arg>
<doc>Evaluates the given expression in Python and returns the result.</doc>
<status status="NOT RUN" starttime="20241118 23:21:20.506" endtime="20241118 23:21:20.507"/>
</kw>
<status status="NOT RUN" starttime="20241118 23:21:20.506" endtime="20241118 23:21:20.507"/>
</branch>
<status status="PASS" starttime="20241118 23:21:20.495" endtime="20241118 23:21:20.507"/>
</if>
<if>
<branch type="IF" condition="$HEADLESS == 'true'">
<kw name="Set Selenium Speed" library="SeleniumLibrary">
<arg>0</arg>
<doc>Sets the delay that is waited after each Selenium command.</doc>
<status status="NOT RUN" starttime="20241118 23:21:20.507" endtime="20241118 23:21:20.507"/>
</kw>
<kw name="Call Method" library="BuiltIn">
<arg>${options}</arg>
<arg>add_argument</arg>
<arg>--headless</arg>
<doc>Calls the named method of the given object with the provided arguments.</doc>
<status status="NOT RUN" starttime="20241118 23:21:20.507" endtime="20241118 23:21:20.507"/>
</kw>
<status status="NOT RUN" starttime="20241118 23:21:20.507" endtime="20241118 23:21:20.507"/>
</branch>
<branch type="ELSE">
<kw name="Set Selenium Speed" library="SeleniumLibrary">
<arg>${DELAY}</arg>
<doc>Sets the delay that is waited after each Selenium command.</doc>
<status status="PASS" starttime="20241118 23:21:20.507" endtime="20241118 23:21:20.507"/>
</kw>
<status status="PASS" starttime="20241118 23:21:20.507" endtime="20241118 23:21:20.507"/>
</branch>
<status status="PASS" starttime="20241118 23:21:20.507" endtime="20241118 23:21:20.507"/>
</if>
<kw name="Open Browser" library="SeleniumLibrary">
<arg>browser=${BROWSER}</arg>
<arg>options=${options}</arg>
<doc>Opens a new browser instance to the optional ``url``.</doc>
<msg timestamp="20241118 23:21:20.507" level="INFO">Opening browser 'chrome' to base url 'None'.</msg>
<msg timestamp="20241118 23:21:20.539" level="WARN">The chromedriver version (130.0.6723.91) detected in PATH at /usr/bin/chromedriver might not be compatible with the detected chrome version (131.0.6778.69); currently, chromedriver 131.0.6778.69 is recommended for chrome 131.*, so it is advised to delete the driver in PATH and retry</msg>
<status status="PASS" starttime="20241118 23:21:20.507" endtime="20241118 23:21:20.846"/>
</kw>
<status status="PASS" starttime="20241118 23:21:20.495" endtime="20241118 23:21:20.846"/>
</kw>
<test id="s1-s1-t1" name="Click Login Link" line="8">
<kw name="Reset Application And Go To Starting Page" type="SETUP">
<kw name="Reset Application" library="AppLibrary">
<status status="PASS" starttime="20241118 23:21:20.847" endtime="20241118 23:21:20.850"/>
</kw>
<kw name="Go To Starting Page" library="resource">
<kw name="Go To" library="SeleniumLibrary">
<arg>${HOME_URL}</arg>
<doc>Navigates the current browser window to the provided ``url``.</doc>
<msg timestamp="20241118 23:21:20.850" level="INFO">Opening url 'http://localhost:5001'</msg>
<status status="PASS" starttime="20241118 23:21:20.850" endtime="20241118 23:21:21.386"/>
</kw>
<status status="PASS" starttime="20241118 23:21:20.850" endtime="20241118 23:21:21.386"/>
</kw>
<status status="PASS" starttime="20241118 23:21:20.846" endtime="20241118 23:21:21.386"/>
</kw>
<kw name="Click Link" library="SeleniumLibrary">
<arg>Login</arg>
<doc>Clicks a link identified by ``locator``.</doc>
<msg timestamp="20241118 23:21:21.388" level="INFO">Clicking link 'Login'.</msg>
<status status="PASS" starttime="20241118 23:21:21.386" endtime="20241118 23:21:22.974"/>
</kw>
<kw name="Login Page Should Be Open" library="resource">
<kw name="Title Should Be" library="SeleniumLibrary">
<arg>Login</arg>
<doc>Verifies that the current page title equals ``title``.</doc>
<msg timestamp="20241118 23:21:23.486" level="INFO">Page title is 'Login'.</msg>
<status status="PASS" starttime="20241118 23:21:22.975" endtime="20241118 23:21:23.486"/>
</kw>
<status status="PASS" starttime="20241118 23:21:22.974" endtime="20241118 23:21:23.486"/>
</kw>
<status status="PASS" starttime="20241118 23:21:20.846" endtime="20241118 23:21:23.487"/>
</test>
<test id="s1-s1-t2" name="Click Register Link" line="12">
<kw name="Reset Application And Go To Starting Page" type="SETUP">
<kw name="Reset Application" library="AppLibrary">
<status status="PASS" starttime="20241118 23:21:23.489" endtime="20241118 23:21:23.494"/>
</kw>
<kw name="Go To Starting Page" library="resource">
<kw name="Go To" library="SeleniumLibrary">
<arg>${HOME_URL}</arg>
<doc>Navigates the current browser window to the provided ``url``.</doc>
<msg timestamp="20241118 23:21:23.496" level="INFO">Opening url 'http://localhost:5001'</msg>
<status status="PASS" starttime="20241118 23:21:23.495" endtime="20241118 23:21:24.020"/>
</kw>
<status status="PASS" starttime="20241118 23:21:23.495" endtime="20241118 23:21:24.020"/>
</kw>
<status status="PASS" starttime="20241118 23:21:23.488" endtime="20241118 23:21:24.020"/>
</kw>
<kw name="Click Link" library="SeleniumLibrary">
<arg>Register new user</arg>
<doc>Clicks a link identified by ``locator``.</doc>
<msg timestamp="20241118 23:21:24.021" level="INFO">Clicking link 'Register new user'.</msg>
<status status="PASS" starttime="20241118 23:21:24.020" endtime="20241118 23:21:25.583"/>
</kw>
<kw name="Register Page Should Be Open" library="resource">
<kw name="Title Should Be" library="SeleniumLibrary">
<arg>Register</arg>
<doc>Verifies that the current page title equals ``title``.</doc>
<msg timestamp="20241118 23:21:26.094" level="INFO">Page title is 'Register'.</msg>
<status status="PASS" starttime="20241118 23:21:25.584" endtime="20241118 23:21:26.095"/>
</kw>
<status status="PASS" starttime="20241118 23:21:25.584" endtime="20241118 23:21:26.095"/>
</kw>
<status status="PASS" starttime="20241118 23:21:23.487" endtime="20241118 23:21:26.095"/>
</test>
<kw name="Close Browser" library="SeleniumLibrary" type="TEARDOWN">
<doc>Closes the current browser.</doc>
<status status="PASS" starttime="20241118 23:21:26.097" endtime="20241118 23:21:26.657"/>
</kw>
<status status="PASS" starttime="20241118 23:21:20.357" endtime="20241118 23:21:26.657"/>
</suite>
<suite id="s1-s2" name="Login" source="/home/matimo/opinnot/ohtu/palautusrepositorio/viikko3/web-login/src/tests/login.robot">
<kw name="Open And Configure Browser" library="resource" type="SETUP">
<if>
<branch type="IF" condition="$BROWSER == 'chrome'">
<kw name="Evaluate" library="BuiltIn">
<var>${options}</var>
<arg>sys.modules['selenium.webdriver'].ChromeOptions()</arg>
<arg>sys</arg>
<doc>Evaluates the given expression in Python and returns the result.</doc>
<msg timestamp="20241118 23:21:26.667" level="INFO">${options} = &lt;selenium.webdriver.chrome.options.Options object at 0x7a6819679c30&gt;</msg>
<status status="PASS" starttime="20241118 23:21:26.667" endtime="20241118 23:21:26.667"/>
</kw>
<status status="PASS" starttime="20241118 23:21:26.666" endtime="20241118 23:21:26.667"/>
</branch>
<branch type="ELSE IF" condition="$BROWSER == 'firefox'">
<kw name="Evaluate" library="BuiltIn">
<var>${options}</var>
<arg>sys.modules['selenium.webdriver'].FirefoxOptions()</arg>
<arg>sys</arg>
<doc>Evaluates the given expression in Python and returns the result.</doc>
<status status="NOT RUN" starttime="20241118 23:21:26.668" endtime="20241118 23:21:26.668"/>
</kw>
<status status="NOT RUN" starttime="20241118 23:21:26.667" endtime="20241118 23:21:26.668"/>
</branch>
<status status="PASS" starttime="20241118 23:21:26.666" endtime="20241118 23:21:26.668"/>
</if>
<if>
<branch type="IF" condition="$HEADLESS == 'true'">
<kw name="Set Selenium Speed" library="SeleniumLibrary">
<arg>0</arg>
<doc>Sets the delay that is waited after each Selenium command.</doc>
<status status="NOT RUN" starttime="20241118 23:21:26.668" endtime="20241118 23:21:26.668"/>
</kw>
<kw name="Call Method" library="BuiltIn">
<arg>${options}</arg>
<arg>add_argument</arg>
<arg>--headless</arg>
<doc>Calls the named method of the given object with the provided arguments.</doc>
<status status="NOT RUN" starttime="20241118 23:21:26.669" endtime="20241118 23:21:26.669"/>
</kw>
<status status="NOT RUN" starttime="20241118 23:21:26.668" endtime="20241118 23:21:26.669"/>
</branch>
<branch type="ELSE">
<kw name="Set Selenium Speed" library="SeleniumLibrary">
<arg>${DELAY}</arg>
<doc>Sets the delay that is waited after each Selenium command.</doc>
<status status="PASS" starttime="20241118 23:21:26.669" endtime="20241118 23:21:26.669"/>
</kw>
<status status="PASS" starttime="20241118 23:21:26.669" endtime="20241118 23:21:26.669"/>
</branch>
<status status="PASS" starttime="20241118 23:21:26.668" endtime="20241118 23:21:26.669"/>
</if>
<kw name="Open Browser" library="SeleniumLibrary">
<arg>browser=${BROWSER}</arg>
<arg>options=${options}</arg>
<doc>Opens a new browser instance to the optional ``url``.</doc>
<msg timestamp="20241118 23:21:26.670" level="INFO">Opening browser 'chrome' to base url 'None'.</msg>
<msg timestamp="20241118 23:21:26.722" level="WARN">The chromedriver version (130.0.6723.91) detected in PATH at /usr/bin/chromedriver might not be compatible with the detected chrome version (131.0.6778.69); currently, chromedriver 131.0.6778.69 is recommended for chrome 131.*, so it is advised to delete the driver in PATH and retry</msg>
<status status="PASS" starttime="20241118 23:21:26.670" endtime="20241118 23:21:27.050"/>
</kw>
<status status="PASS" starttime="20241118 23:21:26.666" endtime="20241118 23:21:27.051"/>
</kw>
<test id="s1-s2-t1" name="Login With Correct Credentials" line="8">
<kw name="Reset Application Create User And Go To Login Page" type="SETUP">
<kw name="Reset Application" library="AppLibrary">
<status status="PASS" starttime="20241118 23:21:27.051" endtime="20241118 23:21:27.054"/>
</kw>
<kw name="Create User" library="AppLibrary">
<arg>kalle</arg>
<arg>kalle123</arg>
<status status="PASS" starttime="20241118 23:21:27.054" endtime="20241118 23:21:27.060"/>
</kw>
<kw name="Go To Login Page" library="resource">
<kw name="Go To" library="SeleniumLibrary">
<arg>${LOGIN_URL}</arg>
<doc>Navigates the current browser window to the provided ``url``.</doc>
<msg timestamp="20241118 23:21:27.061" level="INFO">Opening url 'http://localhost:5001/login'</msg>
<status status="PASS" starttime="20241118 23:21:27.061" endtime="20241118 23:21:27.595"/>
</kw>
<status status="PASS" starttime="20241118 23:21:27.060" endtime="20241118 23:21:27.595"/>
</kw>
<status status="PASS" starttime="20241118 23:21:27.051" endtime="20241118 23:21:27.595"/>
</kw>
<kw name="Set Username">
<arg>kalle</arg>
<kw name="Input Text" library="SeleniumLibrary">
<arg>username</arg>
<arg>${username}</arg>
<doc>Types the given ``text`` into the text field identified by ``locator``.</doc>
<msg timestamp="20241118 23:21:27.597" level="INFO">Typing text 'kalle' into text field 'username'.</msg>
<status status="PASS" starttime="20241118 23:21:27.596" endtime="20241118 23:21:29.217"/>
</kw>
<status status="PASS" starttime="20241118 23:21:27.596" endtime="20241118 23:21:29.217"/>
</kw>
<kw name="Set Password">
<arg>kalle123</arg>
<kw name="Input Password" library="SeleniumLibrary">
<arg>password</arg>
<arg>${password}</arg>
<doc>Types the given password into the text field identified by ``locator``.</doc>
<msg timestamp="20241118 23:21:29.219" level="INFO">Typing password into text field 'password'.</msg>
<msg timestamp="20241118 23:21:30.280" level="INFO">Temporally setting log level to: NONE</msg>
<msg timestamp="20241118 23:21:30.811" level="INFO">Log level changed from NONE to INFO.</msg>
<status status="PASS" starttime="20241118 23:21:29.218" endtime="20241118 23:21:30.811"/>
</kw>
<status status="PASS" starttime="20241118 23:21:29.218" endtime="20241118 23:21:30.811"/>
</kw>
<kw name="Submit Credentials">
<kw name="Click Button" library="SeleniumLibrary">
<arg>Login</arg>
<doc>Clicks the button identified by ``locator``.</doc>
<msg timestamp="20241118 23:21:30.813" level="INFO">Clicking button 'Login'.</msg>
<status status="PASS" starttime="20241118 23:21:30.812" endtime="20241118 23:21:32.891"/>
</kw>
<status status="PASS" starttime="20241118 23:21:30.812" endtime="20241118 23:21:32.891"/>
</kw>
<kw name="Login Should Succeed">
<kw name="Main Page Should Be Open" library="resource">
<kw name="Title Should Be" library="SeleniumLibrary">
<arg>Ohtu Application main page</arg>
<doc>Verifies that the current page title equals ``title``.</doc>
<msg timestamp="20241118 23:21:33.404" level="INFO">Page title is 'Ohtu Application main page'.</msg>
<status status="PASS" starttime="20241118 23:21:32.892" endtime="20241118 23:21:33.404"/>
</kw>
<status status="PASS" starttime="20241118 23:21:32.892" endtime="20241118 23:21:33.404"/>
</kw>
<status status="PASS" starttime="20241118 23:21:32.891" endtime="20241118 23:21:33.404"/>
</kw>
<status status="PASS" starttime="20241118 23:21:27.051" endtime="20241118 23:21:33.404"/>
</test>
<test id="s1-s2-t2" name="Login With Incorrect Password" line="14">
<kw name="Reset Application Create User And Go To Login Page" type="SETUP">
<kw name="Reset Application" library="AppLibrary">
<status status="PASS" starttime="20241118 23:21:33.406" endtime="20241118 23:21:33.410"/>
</kw>
<kw name="Create User" library="AppLibrary">
<arg>kalle</arg>
<arg>kalle123</arg>
<status status="PASS" starttime="20241118 23:21:33.410" endtime="20241118 23:21:33.418"/>
</kw>
<kw name="Go To Login Page" library="resource">
<kw name="Go To" library="SeleniumLibrary">
<arg>${LOGIN_URL}</arg>
<doc>Navigates the current browser window to the provided ``url``.</doc>
<msg timestamp="20241118 23:21:33.419" level="INFO">Opening url 'http://localhost:5001/login'</msg>
<status status="PASS" starttime="20241118 23:21:33.419" endtime="20241118 23:21:33.945"/>
</kw>
<status status="PASS" starttime="20241118 23:21:33.418" endtime="20241118 23:21:33.945"/>
</kw>
<status status="PASS" starttime="20241118 23:21:33.406" endtime="20241118 23:21:33.945"/>
</kw>
<kw name="Set Username">
<arg>kalle</arg>
<kw name="Input Text" library="SeleniumLibrary">
<arg>username</arg>
<arg>${username}</arg>
<doc>Types the given ``text`` into the text field identified by ``locator``.</doc>
<msg timestamp="20241118 23:21:33.947" level="INFO">Typing text 'kalle' into text field 'username'.</msg>
<status status="PASS" starttime="20241118 23:21:33.946" endtime="20241118 23:21:35.528"/>
</kw>
<status status="PASS" starttime="20241118 23:21:33.946" endtime="20241118 23:21:35.528"/>
</kw>
<kw name="Set Password">
<arg>kalle456</arg>
<kw name="Input Password" library="SeleniumLibrary">
<arg>password</arg>
<arg>${password}</arg>
<doc>Types the given password into the text field identified by ``locator``.</doc>
<msg timestamp="20241118 23:21:35.530" level="INFO">Typing password into text field 'password'.</msg>
<msg timestamp="20241118 23:21:36.559" level="INFO">Temporally setting log level to: NONE</msg>
<msg timestamp="20241118 23:21:37.100" level="INFO">Log level changed from NONE to INFO.</msg>
<status status="PASS" starttime="20241118 23:21:35.529" endtime="20241118 23:21:37.100"/>
</kw>
<status status="PASS" starttime="20241118 23:21:35.528" endtime="20241118 23:21:37.101"/>
</kw>
<kw name="Submit Credentials">
<kw name="Click Button" library="SeleniumLibrary">
<arg>Login</arg>
<doc>Clicks the button identified by ``locator``.</doc>
<msg timestamp="20241118 23:21:37.102" level="INFO">Clicking button 'Login'.</msg>
<status status="PASS" starttime="20241118 23:21:37.102" endtime="20241118 23:21:39.167"/>
</kw>
<status status="PASS" starttime="20241118 23:21:37.101" endtime="20241118 23:21:39.167"/>
</kw>
<kw name="Login Should Fail With Message">
<arg>Invalid username or password</arg>
<kw name="Login Page Should Be Open" library="resource">
<kw name="Title Should Be" library="SeleniumLibrary">
<arg>Login</arg>
<doc>Verifies that the current page title equals ``title``.</doc>
<msg timestamp="20241118 23:21:39.678" level="INFO">Page title is 'Login'.</msg>
<status status="PASS" starttime="20241118 23:21:39.169" endtime="20241118 23:21:39.678"/>
</kw>
<status status="PASS" starttime="20241118 23:21:39.168" endtime="20241118 23:21:39.679"/>
</kw>
<kw name="Page Should Contain" library="SeleniumLibrary">
<arg>${message}</arg>
<doc>Verifies that current page contains ``text``.</doc>
<msg timestamp="20241118 23:21:40.710" level="INFO">Current page contains text 'Invalid username or password'.</msg>
<status status="PASS" starttime="20241118 23:21:39.679" endtime="20241118 23:21:40.710"/>
</kw>
<status status="PASS" starttime="20241118 23:21:39.167" endtime="20241118 23:21:40.710"/>
</kw>
<status status="PASS" starttime="20241118 23:21:33.405" endtime="20241118 23:21:40.710"/>
</test>
<test id="s1-s2-t3" name="Login With Nonexistent Username" line="20">
<kw name="Reset Application Create User And Go To Login Page" type="SETUP">
<kw name="Reset Application" library="AppLibrary">
<status status="PASS" starttime="20241118 23:21:40.712" endtime="20241118 23:21:40.717"/>
</kw>
<kw name="Create User" library="AppLibrary">
<arg>kalle</arg>
<arg>kalle123</arg>
<status status="PASS" starttime="20241118 23:21:40.717" endtime="20241118 23:21:40.726"/>
</kw>
<kw name="Go To Login Page" library="resource">
<kw name="Go To" library="SeleniumLibrary">
<arg>${LOGIN_URL}</arg>
<doc>Navigates the current browser window to the provided ``url``.</doc>
<msg timestamp="20241118 23:21:40.727" level="INFO">Opening url 'http://localhost:5001/login'</msg>
<status status="PASS" starttime="20241118 23:21:40.727" endtime="20241118 23:21:41.245"/>
</kw>
<status status="PASS" starttime="20241118 23:21:40.726" endtime="20241118 23:21:41.245"/>
</kw>
<status status="PASS" starttime="20241118 23:21:40.712" endtime="20241118 23:21:41.245"/>
</kw>
<kw name="Set Username">
<arg>nonexistent</arg>
<kw name="Input Text" library="SeleniumLibrary">
<arg>username</arg>
<arg>${username}</arg>
<doc>Types the given ``text`` into the text field identified by ``locator``.</doc>
<msg timestamp="20241118 23:21:41.247" level="INFO">Typing text 'nonexistent' into text field 'username'.</msg>
<status status="PASS" starttime="20241118 23:21:41.246" endtime="20241118 23:21:42.818"/>
</kw>
<status status="PASS" starttime="20241118 23:21:41.246" endtime="20241118 23:21:42.818"/>
</kw>
<kw name="Set Password">
<arg>password</arg>
<kw name="Input Password" library="SeleniumLibrary">
<arg>password</arg>
<arg>${password}</arg>
<doc>Types the given password into the text field identified by ``locator``.</doc>
<msg timestamp="20241118 23:21:42.820" level="INFO">Typing password into text field 'password'.</msg>
<msg timestamp="20241118 23:21:43.847" level="INFO">Temporally setting log level to: NONE</msg>
<msg timestamp="20241118 23:21:44.380" level="INFO">Log level changed from NONE to INFO.</msg>
<status status="PASS" starttime="20241118 23:21:42.819" endtime="20241118 23:21:44.380"/>
</kw>
<status status="PASS" starttime="20241118 23:21:42.818" endtime="20241118 23:21:44.380"/>
</kw>
<kw name="Submit Credentials">
<kw name="Click Button" library="SeleniumLibrary">
<arg>Login</arg>
<doc>Clicks the button identified by ``locator``.</doc>
<msg timestamp="20241118 23:21:44.382" level="INFO">Clicking button 'Login'.</msg>
<status status="PASS" starttime="20241118 23:21:44.381" endtime="20241118 23:21:46.458"/>
</kw>
<status status="PASS" starttime="20241118 23:21:44.381" endtime="20241118 23:21:46.458"/>
</kw>
<kw name="Login Should Fail With Message">
<arg>Invalid username or password</arg>
<kw name="Login Page Should Be Open" library="resource">
<kw name="Title Should Be" library="SeleniumLibrary">
<arg>Login</arg>
<doc>Verifies that the current page title equals ``title``.</doc>
<msg timestamp="20241118 23:21:46.969" level="INFO">Page title is 'Login'.</msg>
<status status="PASS" starttime="20241118 23:21:46.459" endtime="20241118 23:21:46.969"/>
</kw>
<status status="PASS" starttime="20241118 23:21:46.459" endtime="20241118 23:21:46.969"/>
</kw>
<kw name="Page Should Contain" library="SeleniumLibrary">
<arg>${message}</arg>
<doc>Verifies that current page contains ``text``.</doc>
<msg timestamp="20241118 23:21:47.993" level="INFO">Current page contains text 'Invalid username or password'.</msg>
<status status="PASS" starttime="20241118 23:21:46.969" endtime="20241118 23:21:47.993"/>
</kw>
<status status="PASS" starttime="20241118 23:21:46.458" endtime="20241118 23:21:47.993"/>
</kw>
<status status="PASS" starttime="20241118 23:21:40.711" endtime="20241118 23:21:47.994"/>
</test>
<kw name="Close Browser" library="SeleniumLibrary" type="TEARDOWN">
<doc>Closes the current browser.</doc>
<status status="PASS" starttime="20241118 23:21:47.995" endtime="20241118 23:21:48.553"/>
</kw>
<status status="PASS" starttime="20241118 23:21:26.659" endtime="20241118 23:21:48.554"/>
</suite>
<status status="PASS" starttime="20241118 23:21:20.346" endtime="20241118 23:21:48.556"/>
</suite>
<statistics>
<total>
<stat pass="5" fail="0" skip="0">All Tests</stat>
</total>
<tag>
</tag>
<suite>
<stat pass="5" fail="0" skip="0" id="s1" name="Tests">Tests</stat>
<stat pass="2" fail="0" skip="0" id="s1-s1" name="Home">Tests.Home</stat>
<stat pass="3" fail="0" skip="0" id="s1-s2" name="Login">Tests.Login</stat>
</suite>
</statistics>
<errors>
<msg timestamp="20241118 23:21:20.539" level="WARN">The chromedriver version (130.0.6723.91) detected in PATH at /usr/bin/chromedriver might not be compatible with the detected chrome version (131.0.6778.69); currently, chromedriver 131.0.6778.69 is recommended for chrome 131.*, so it is advised to delete the driver in PATH and retry</msg>
<msg timestamp="20241118 23:21:26.722" level="WARN">The chromedriver version (130.0.6723.91) detected in PATH at /usr/bin/chromedriver might not be compatible with the detected chrome version (131.0.6778.69); currently, chromedriver 131.0.6778.69 is recommended for chrome 131.*, so it is advised to delete the driver in PATH and retry</msg>
</errors>
</robot>
